NeteaseIM/build/outputs/logs/manifest-merger-debug-report.txt
-- Merging decision tree log ---
manifest
ADDED from NeteaseIMSDK\NeteaseIM\AndroidManifest.xml:2:1-468:12
INJECTED from NeteaseIMSDK\NeteaseIM\AndroidManifest.xml:2:1-468:12
INJECTED from NeteaseIMSDK\NeteaseIM\AndroidManifest.xml:2:1-468:12
INJECTED from NeteaseIMSDK\NeteaseIM\AndroidManifest.xml:2:1-468:12
INJECTED from NeteaseIMSDK\NeteaseIM\AndroidManifest.xml:2:1-468:12
INJECTED from NeteaseIMSDK\NeteaseIM\AndroidManifest.xml:2:1-468:12
INJECTED from NeteaseIMSDK\NeteaseIM\AndroidManifest.xml:2:1-468:12
	package
		ADDED from NeteaseIMSDK\NeteaseIM\AndroidManifest.xml:4:5-33
		INJECTED from NeteaseIMSDK\NeteaseIM\AndroidManifest.xml
		INJECTED from NeteaseIMSDK\NeteaseIM\AndroidManifest.xml
	android:versionName
		INJECTED from NeteaseIMSDK\NeteaseIM\AndroidManifest.xml
		ADDED from NeteaseIMSDK\NeteaseIM\AndroidManifest.xml:2:1-468:12
		INJECTED from NeteaseIMSDK\NeteaseIM\AndroidManifest.xml
	xmlns:tools
		ADDED from NeteaseIMSDK\NeteaseIM\AndroidManifest.xml:3:5-51
	android:versionCode
		INJECTED from NeteaseIMSDK\NeteaseIM\AndroidManifest.xml
		ADDED from NeteaseIMSDK\NeteaseIM\AndroidManifest.xml:2:1-468:12
		INJECTED from NeteaseIMSDK\NeteaseIM\AndroidManifest.xml
	xmlns:android
		ADDED from NeteaseIMSDK\NeteaseIM\AndroidManifest.xml:2:11-69
uses-permission#android.permission.INTERNET
ADDED from NeteaseIMSDK\NeteaseIM\AndroidManifest.xml:7:5-67
	android:name
		ADDED from NeteaseIMSDK\NeteaseIM\AndroidManifest.xml:7:22-64
uses-permission#android.permission.ACCESS_NETWORK_STATE
ADDED from NeteaseIMSDK\NeteaseIM\AndroidManifest.xml:8:5-79
	android:name
		ADDED from NeteaseIMSDK\NeteaseIM\AndroidManifest.xml:8:22-76
uses-permission#android.permission.ACCESS_WIFI_STATE
ADDED from NeteaseIMSDK\NeteaseIM\AndroidManifest.xml:9:5-76
	android:name
		ADDED from NeteaseIMSDK\NeteaseIM\AndroidManifest.xml:9:22-73
uses-permission#android.permission.CHANGE_WIFI_STATE
ADDED from NeteaseIMSDK\NeteaseIM\AndroidManifest.xml:10:5-76
	android:name
		ADDED from NeteaseIMSDK\NeteaseIM\AndroidManifest.xml:10:22-73
uses-permission#android.permission.READ_EXTERNAL_STORAGE
ADDED from NeteaseIMSDK\NeteaseIM\AndroidManifest.xml:13:5-80
	android:name
		ADDED from NeteaseIMSDK\NeteaseIM\AndroidManifest.xml:13:22-77
uses-permission#android.permission.WRITE_EXTERNAL_STORAGE
ADDED from NeteaseIMSDK\NeteaseIM\AndroidManifest.xml:14:5-81
	android:name
		ADDED from NeteaseIMSDK\NeteaseIM\AndroidManifest.xml:14:22-78
uses-permission#android.permission.ACCESS_FINE_LOCATION
ADDED from NeteaseIMSDK\NeteaseIM\AndroidManifest.xml:17:5-79
	android:name
		ADDED from NeteaseIMSDK\NeteaseIM\AndroidManifest.xml:17:22-76
uses-permission#android.permission.ACCESS_COARSE_LOCATION
ADDED from NeteaseIMSDK\NeteaseIM\AndroidManifest.xml:18:5-81
	android:name
		ADDED from NeteaseIMSDK\NeteaseIM\AndroidManifest.xml:18:22-78
uses-permission#android.permission.ACCESS_LOCATION_EXTRA_COMMANDS
ADDED from NeteaseIMSDK\NeteaseIM\AndroidManifest.xml:19:5-89
	android:name
		ADDED from NeteaseIMSDK\NeteaseIM\AndroidManifest.xml:19:22-86
uses-permission#android.permission.READ_PHONE_STATE
ADDED from NeteaseIMSDK\NeteaseIM\AndroidManifest.xml:22:5-75
	android:name
		ADDED from NeteaseIMSDK\NeteaseIM\AndroidManifest.xml:22:22-72
uses-permission#android.permission.CAMERA
ADDED from NeteaseIMSDK\NeteaseIM\AndroidManifest.xml:23:5-65
	android:name
		ADDED from NeteaseIMSDK\NeteaseIM\AndroidManifest.xml:23:22-62
uses-permission#android.permission.RECORD_AUDIO
ADDED from NeteaseIMSDK\NeteaseIM\AndroidManifest.xml:24:5-71
	android:name
		ADDED from NeteaseIMSDK\NeteaseIM\AndroidManifest.xml:24:22-68
uses-permission#android.permission.BLUETOOTH
ADDED from NeteaseIMSDK\NeteaseIM\AndroidManifest.xml:25:5-68
	android:name
		ADDED from NeteaseIMSDK\NeteaseIM\AndroidManifest.xml:25:22-65
uses-permission#android.permission.BLUETOOTH_ADMIN
ADDED from NeteaseIMSDK\NeteaseIM\AndroidManifest.xml:26:5-74
	android:name
		ADDED from NeteaseIMSDK\NeteaseIM\AndroidManifest.xml:26:22-71
uses-permission#android.permission.GET_TASKS
ADDED from NeteaseIMSDK\NeteaseIM\AndroidManifest.xml:30:5-68
	android:name
		ADDED from NeteaseIMSDK\NeteaseIM\AndroidManifest.xml:30:22-65
uses-permission#android.permission.FLASHLIGHT
ADDED from NeteaseIMSDK\NeteaseIM\AndroidManifest.xml:31:5-69
	android:name
		ADDED from NeteaseIMSDK\NeteaseIM\AndroidManifest.xml:31:22-66
uses-permission#android.permission.VIBRATE
ADDED from NeteaseIMSDK\NeteaseIM\AndroidManifest.xml:32:5-66
	android:name
		ADDED from NeteaseIMSDK\NeteaseIM\AndroidManifest.xml:32:22-63
uses-permission#android.permission.CHANGE_CONFIGURATION
ADDED from NeteaseIMSDK\NeteaseIM\AndroidManifest.xml:33:5-79
	android:name
		ADDED from NeteaseIMSDK\NeteaseIM\AndroidManifest.xml:33:22-76
uses-permission#android.permission.MODIFY_AUDIO_SETTINGS
ADDED from NeteaseIMSDK\NeteaseIM\AndroidManifest.xml:34:5-80
	android:name
		ADDED from NeteaseIMSDK\NeteaseIM\AndroidManifest.xml:34:22-77
uses-permission#android.permission.WRITE_SETTINGS
ADDED from NeteaseIMSDK\NeteaseIM\AndroidManifest.xml:35:5-73
	android:name
		ADDED from NeteaseIMSDK\NeteaseIM\AndroidManifest.xml:35:22-70
uses-permission#android.permission.DISABLE_KEYGUARD
ADDED from NeteaseIMSDK\NeteaseIM\AndroidManifest.xml:37:5-75
	android:name
		ADDED from NeteaseIMSDK\NeteaseIM\AndroidManifest.xml:37:22-72
uses-permission#android.permission.WAKE_LOCK
ADDED from NeteaseIMSDK\NeteaseIM\AndroidManifest.xml:38:5-68
	android:name
		ADDED from NeteaseIMSDK\NeteaseIM\AndroidManifest.xml:38:22-65
uses-permission#android.permission.MOUNT_UNMOUNT_FILESYSTEMS
ADDED from NeteaseIMSDK\NeteaseIM\AndroidManifest.xml:40:5-84
	android:name
		ADDED from NeteaseIMSDK\NeteaseIM\AndroidManifest.xml:40:22-81
uses-permission#android.permission.SYSTEM_ALERT_WINDOW
ADDED from NeteaseIMSDK\NeteaseIM\AndroidManifest.xml:42:5-78
	android:name
		ADDED from NeteaseIMSDK\NeteaseIM\AndroidManifest.xml:42:22-75
uses-permission#android.permission.SET_DEBUG_APP
ADDED from NeteaseIMSDK\NeteaseIM\AndroidManifest.xml:46:5-72
	android:name
		ADDED from NeteaseIMSDK\NeteaseIM\AndroidManifest.xml:46:22-69
permission#com.yl.lovestudy.permission.RECEIVE_MSG
ADDED from NeteaseIMSDK\NeteaseIM\AndroidManifest.xml:48:5-50:47
	android:protectionLevel
		ADDED from NeteaseIMSDK\NeteaseIM\AndroidManifest.xml:50:9-44
	android:name
		ADDED from NeteaseIMSDK\NeteaseIM\AndroidManifest.xml:49:9-63
uses-permission#com.yl.lovestudy.permission.RECEIVE_MSG
ADDED from NeteaseIMSDK\NeteaseIM\AndroidManifest.xml:52:5-79
	android:name
		ADDED from NeteaseIMSDK\NeteaseIM\AndroidManifest.xml:52:22-76
permission#com.yl.lovestudy.permission.MIPUSH_RECEIVE
ADDED from NeteaseIMSDK\NeteaseIM\AndroidManifest.xml:54:5-56:47
	android:protectionLevel
		ADDED from NeteaseIMSDK\NeteaseIM\AndroidManifest.xml:56:9-44
	android:name
		ADDED from NeteaseIMSDK\NeteaseIM\AndroidManifest.xml:55:9-66
uses-permission#com.yl.lovestudy.permission.MIPUSH_RECEIVE
ADDED from NeteaseIMSDK\NeteaseIM\AndroidManifest.xml:58:5-82
	android:name
		ADDED from NeteaseIMSDK\NeteaseIM\AndroidManifest.xml:58:22-79
uses-sdk
ADDED from NeteaseIMSDK\NeteaseIM\AndroidManifest.xml:60:5-97
INJECTED from NeteaseIMSDK\NeteaseIM\AndroidManifest.xml:60:5-97
INJECTED from NeteaseIMSDK\NeteaseIM\AndroidManifest.xml:60:5-97
INJECTED from NeteaseIMSDK\NeteaseIM\AndroidManifest.xml:60:5-97
INJECTED from NeteaseIMSDK\NeteaseIM\AndroidManifest.xml:60:5-97
	tools:overrideLibrary
		ADDED from NeteaseIMSDK\NeteaseIM\AndroidManifest.xml:60:15-94
	android:targetSdkVersion
		INJECTED from NeteaseIMSDK\NeteaseIM\AndroidManifest.xml
		ADDED from NeteaseIMSDK\NeteaseIM\AndroidManifest.xml:60:5-97
		INJECTED from NeteaseIMSDK\NeteaseIM\AndroidManifest.xml
	android:minSdkVersion
		INJECTED from NeteaseIMSDK\NeteaseIM\AndroidManifest.xml
		ADDED from NeteaseIMSDK\NeteaseIM\AndroidManifest.xml:60:5-97
		INJECTED from NeteaseIMSDK\NeteaseIM\AndroidManifest.xml
permission#android.permission.INTERACT_ACROSS_USERS_FULL
ADDED from NeteaseIMSDK\NeteaseIM\AndroidManifest.xml:62:5-64:47
	android:protectionLevel
		ADDED from NeteaseIMSDK\NeteaseIM\AndroidManifest.xml:64:9-44
	android:name
		ADDED from NeteaseIMSDK\NeteaseIM\AndroidManifest.xml:63:9-69
uses-feature#android.hardware.camera
ADDED from NeteaseIMSDK\NeteaseIM\AndroidManifest.xml:67:5-60
	android:name
		ADDED from NeteaseIMSDK\NeteaseIM\AndroidManifest.xml:67:19-57
uses-feature#android.hardware.camera.autofocus
ADDED from NeteaseIMSDK\NeteaseIM\AndroidManifest.xml:68:5-70
	android:name
		ADDED from NeteaseIMSDK\NeteaseIM\AndroidManifest.xml:68:19-67
uses-feature#0x00020000
ADDED from NeteaseIMSDK\NeteaseIM\AndroidManifest.xml:71:5-73:35
	android:glEsVersion
		ADDED from NeteaseIMSDK\NeteaseIM\AndroidManifest.xml:72:9-41
	android:required
		ADDED from NeteaseIMSDK\NeteaseIM\AndroidManifest.xml:73:9-32
application
ADDED from NeteaseIMSDK\NeteaseIM\AndroidManifest.xml:79:5-467:19
uses-library#org.apache.http.legacy
ADDED from NeteaseIMSDK\NeteaseIM\AndroidManifest.xml:80:9-82:40
	android:required
		ADDED from NeteaseIMSDK\NeteaseIM\AndroidManifest.xml:82:13-37
	android:name
		ADDED from NeteaseIMSDK\NeteaseIM\AndroidManifest.xml:81:13-50
meta-data#com.amap.api.v2.apikey
ADDED from NeteaseIMSDK\NeteaseIM\AndroidManifest.xml:85:9-87:64
	android:value
		ADDED from NeteaseIMSDK\NeteaseIM\AndroidManifest.xml:87:13-61
	android:name
		ADDED from NeteaseIMSDK\NeteaseIM\AndroidManifest.xml:86:13-50
meta-data#com.netease.nim.appKey
ADDED from NeteaseIMSDK\NeteaseIM\AndroidManifest.xml:89:9-91:64
	android:value
		ADDED from NeteaseIMSDK\NeteaseIM\AndroidManifest.xml:91:13-61
	android:name
		ADDED from NeteaseIMSDK\NeteaseIM\AndroidManifest.xml:90:13-50
activity#com.netease.nim.yl.main.activity.MultiportActivity
ADDED from NeteaseIMSDK\NeteaseIM\AndroidManifest.xml:98:9-103:70
	android:screenOrientation
		ADDED from NeteaseIMSDK\NeteaseIM\AndroidManifest.xml:101:13-49
	android:windowSoftInputMode
		ADDED from NeteaseIMSDK\NeteaseIM\AndroidManifest.xml:103:13-67
	android:configChanges
		ADDED from NeteaseIMSDK\NeteaseIM\AndroidManifest.xml:100:13-63
	android:theme
		ADDED from NeteaseIMSDK\NeteaseIM\AndroidManifest.xml:102:13-56
	android:name
		ADDED from NeteaseIMSDK\NeteaseIM\AndroidManifest.xml:99:13-60
activity#com.netease.nim.yl.main.activity.AboutActivity
ADDED from NeteaseIMSDK\NeteaseIM\AndroidManifest.xml:108:9-114:75
	android:screenOrientation
		ADDED from NeteaseIMSDK\NeteaseIM\AndroidManifest.xml:112:13-49
	android:label
		ADDED from NeteaseIMSDK\NeteaseIM\AndroidManifest.xml:111:13-42
	android:windowSoftInputMode
		ADDED from NeteaseIMSDK\NeteaseIM\AndroidManifest.xml:114:13-72
	android:configChanges
		ADDED from NeteaseIMSDK\NeteaseIM\AndroidManifest.xml:110:13-48
	android:theme
		ADDED from NeteaseIMSDK\NeteaseIM\AndroidManifest.xml:113:13-56
	android:name
		ADDED from NeteaseIMSDK\NeteaseIM\AndroidManifest.xml:109:13-56
activity#com.netease.nim.yl.main.activity.SettingsActivity
ADDED from NeteaseIMSDK\NeteaseIM\AndroidManifest.xml:116:9-121:63
	android:screenOrientation
		ADDED from NeteaseIMSDK\NeteaseIM\AndroidManifest.xml:119:13-49
	android:windowSoftInputMode
		ADDED from NeteaseIMSDK\NeteaseIM\AndroidManifest.xml:121:13-60
	android:configChanges
		ADDED from NeteaseIMSDK\NeteaseIM\AndroidManifest.xml:118:13-48
	android:theme
		ADDED from NeteaseIMSDK\NeteaseIM\AndroidManifest.xml:120:13-56
	android:name
		ADDED from NeteaseIMSDK\NeteaseIM\AndroidManifest.xml:117:13-59
activity#com.netease.nim.yl.main.activity.NoDisturbActivity
ADDED from NeteaseIMSDK\NeteaseIM\AndroidManifest.xml:123:9-128:75
	android:screenOrientation
		ADDED from NeteaseIMSDK\NeteaseIM\AndroidManifest.xml:126:13-49
	android:windowSoftInputMode
		ADDED from NeteaseIMSDK\NeteaseIM\AndroidManifest.xml:128:13-72
	android:configChanges
		ADDED from NeteaseIMSDK\NeteaseIM\AndroidManifest.xml:125:13-48
	android:theme
		ADDED from NeteaseIMSDK\NeteaseIM\AndroidManifest.xml:127:13-56
	android:name
		ADDED from NeteaseIMSDK\NeteaseIM\AndroidManifest.xml:124:13-60
activity#com.netease.nim.yl.contact.activity.AddFriendActivity
ADDED from NeteaseIMSDK\NeteaseIM\AndroidManifest.xml:130:9-135:75
	android:screenOrientation
		ADDED from NeteaseIMSDK\NeteaseIM\AndroidManifest.xml:133:13-49
	android:windowSoftInputMode
		ADDED from NeteaseIMSDK\NeteaseIM\AndroidManifest.xml:135:13-72
	android:configChanges
		ADDED from NeteaseIMSDK\NeteaseIM\AndroidManifest.xml:132:13-48
	android:theme
		ADDED from NeteaseIMSDK\NeteaseIM\AndroidManifest.xml:134:13-48
	android:name
		ADDED from NeteaseIMSDK\NeteaseIM\AndroidManifest.xml:131:13-63
activity#com.netease.nim.yl.contact.activity.UserProfileActivity
ADDED from NeteaseIMSDK\NeteaseIM\AndroidManifest.xml:137:9-142:75
	android:screenOrientation
		ADDED from NeteaseIMSDK\NeteaseIM\AndroidManifest.xml:140:13-49
	android:windowSoftInputMode
		ADDED from NeteaseIMSDK\NeteaseIM\AndroidManifest.xml:142:13-72
	android:configChanges
		ADDED from NeteaseIMSDK\NeteaseIM\AndroidManifest.xml:139:13-48
	android:theme
		ADDED from NeteaseIMSDK\NeteaseIM\AndroidManifest.xml:141:13-56
	android:name
		ADDED from NeteaseIMSDK\NeteaseIM\AndroidManifest.xml:138:13-65
activity#com.netease.nim.yl.contact.activity.UserProfileSettingActivity
ADDED from NeteaseIMSDK\NeteaseIM\AndroidManifest.xml:144:9-149:75
	android:screenOrientation
		ADDED from NeteaseIMSDK\NeteaseIM\AndroidManifest.xml:147:13-49
	android:windowSoftInputMode
		ADDED from NeteaseIMSDK\NeteaseIM\AndroidManifest.xml:149:13-72
	android:configChanges
		ADDED from NeteaseIMSDK\NeteaseIM\AndroidManifest.xml:146:13-48
	android:theme
		ADDED from NeteaseIMSDK\NeteaseIM\AndroidManifest.xml:148:13-56
	android:name
		ADDED from NeteaseIMSDK\NeteaseIM\AndroidManifest.xml:145:13-72
activity#com.netease.nim.yl.contact.activity.UserProfileEditItemActivity
ADDED from NeteaseIMSDK\NeteaseIM\AndroidManifest.xml:151:9-156:75
	android:screenOrientation
		ADDED from NeteaseIMSDK\NeteaseIM\AndroidManifest.xml:154:13-49
	android:windowSoftInputMode
		ADDED from NeteaseIMSDK\NeteaseIM\AndroidManifest.xml:156:13-72
	android:configChanges
		ADDED from NeteaseIMSDK\NeteaseIM\AndroidManifest.xml:153:13-48
	android:theme
		ADDED from NeteaseIMSDK\NeteaseIM\AndroidManifest.xml:155:13-56
	android:name
		ADDED from NeteaseIMSDK\NeteaseIM\AndroidManifest.xml:152:13-73
activity#com.netease.nim.yl.contact.activity.BlackListActivity
ADDED from NeteaseIMSDK\NeteaseIM\AndroidManifest.xml:158:9-163:75
	android:screenOrientation
		ADDED from NeteaseIMSDK\NeteaseIM\AndroidManifest.xml:161:13-49
	android:windowSoftInputMode
		ADDED from NeteaseIMSDK\NeteaseIM\AndroidManifest.xml:163:13-72
	android:configChanges
		ADDED from NeteaseIMSDK\NeteaseIM\AndroidManifest.xml:160:13-48
	android:theme
		ADDED from NeteaseIMSDK\NeteaseIM\AndroidManifest.xml:162:13-56
	android:name
		ADDED from NeteaseIMSDK\NeteaseIM\AndroidManifest.xml:159:13-63
activity#com.netease.nim.yl.file.browser.FileBrowserActivity
ADDED from NeteaseIMSDK\NeteaseIM\AndroidManifest.xml:166:9-172:75
	android:screenOrientation
		ADDED from NeteaseIMSDK\NeteaseIM\AndroidManifest.xml:170:13-49
	android:label
		ADDED from NeteaseIMSDK\NeteaseIM\AndroidManifest.xml:169:13-49
	android:windowSoftInputMode
		ADDED from NeteaseIMSDK\NeteaseIM\AndroidManifest.xml:172:13-72
	android:configChanges
		ADDED from NeteaseIMSDK\NeteaseIM\AndroidManifest.xml:168:13-48
	android:theme
		ADDED from NeteaseIMSDK\NeteaseIM\AndroidManifest.xml:171:13-56
	android:name
		ADDED from NeteaseIMSDK\NeteaseIM\AndroidManifest.xml:167:13-61
activity#com.netease.nim.yl.main.activity.SystemMessageActivity
ADDED from NeteaseIMSDK\NeteaseIM\AndroidManifest.xml:174:9-179:70
	android:screenOrientation
		ADDED from NeteaseIMSDK\NeteaseIM\AndroidManifest.xml:177:13-49
	android:windowSoftInputMode
		ADDED from NeteaseIMSDK\NeteaseIM\AndroidManifest.xml:179:13-67
	android:configChanges
		ADDED from NeteaseIMSDK\NeteaseIM\AndroidManifest.xml:176:13-63
	android:theme
		ADDED from NeteaseIMSDK\NeteaseIM\AndroidManifest.xml:178:13-56
	android:name
		ADDED from NeteaseIMSDK\NeteaseIM\AndroidManifest.xml:175:13-64
activity#com.netease.nim.yl.main.activity.CustomNotificationActivity
ADDED from NeteaseIMSDK\NeteaseIM\AndroidManifest.xml:181:9-186:70
	android:screenOrientation
		ADDED from NeteaseIMSDK\NeteaseIM\AndroidManifest.xml:184:13-49
	android:windowSoftInputMode
		ADDED from NeteaseIMSDK\NeteaseIM\AndroidManifest.xml:186:13-67
	android:configChanges
		ADDED from NeteaseIMSDK\NeteaseIM\AndroidManifest.xml:183:13-63
	android:theme
		ADDED from NeteaseIMSDK\NeteaseIM\AndroidManifest.xml:185:13-56
	android:name
		ADDED from NeteaseIMSDK\NeteaseIM\AndroidManifest.xml:182:13-69
activity#com.netease.nim.yl.session.activity.MessageHistoryActivity
ADDED from NeteaseIMSDK\NeteaseIM\AndroidManifest.xml:188:9-193:70
	android:screenOrientation
		ADDED from NeteaseIMSDK\NeteaseIM\AndroidManifest.xml:191:13-49
	android:windowSoftInputMode
		ADDED from NeteaseIMSDK\NeteaseIM\AndroidManifest.xml:193:13-67
	android:configChanges
		ADDED from NeteaseIMSDK\NeteaseIM\AndroidManifest.xml:190:13-63
	android:theme
		ADDED from NeteaseIMSDK\NeteaseIM\AndroidManifest.xml:192:13-56
	android:name
		ADDED from NeteaseIMSDK\NeteaseIM\AndroidManifest.xml:189:13-68
activity#com.netease.nim.yl.session.activity.MessageInfoActivity
ADDED from NeteaseIMSDK\NeteaseIM\AndroidManifest.xml:195:9-200:70
	android:screenOrientation
		ADDED from NeteaseIMSDK\NeteaseIM\AndroidManifest.xml:198:13-49
	android:windowSoftInputMode
		ADDED from NeteaseIMSDK\NeteaseIM\AndroidManifest.xml:200:13-67
	android:configChanges
		ADDED from NeteaseIMSDK\NeteaseIM\AndroidManifest.xml:197:13-63
	android:theme
		ADDED from NeteaseIMSDK\NeteaseIM\AndroidManifest.xml:199:13-56
	android:name
		ADDED from NeteaseIMSDK\NeteaseIM\AndroidManifest.xml:196:13-65
activity#com.netease.nim.yl.team.activity.AdvancedTeamSearchActivity
ADDED from NeteaseIMSDK\NeteaseIM\AndroidManifest.xml:202:9-207:70
	android:screenOrientation
		ADDED from NeteaseIMSDK\NeteaseIM\AndroidManifest.xml:205:13-49
	android:windowSoftInputMode
		ADDED from NeteaseIMSDK\NeteaseIM\AndroidManifest.xml:207:13-67
	android:configChanges
		ADDED from NeteaseIMSDK\NeteaseIM\AndroidManifest.xml:204:13-63
	android:theme
		ADDED from NeteaseIMSDK\NeteaseIM\AndroidManifest.xml:206:13-48
	android:name
		ADDED from NeteaseIMSDK\NeteaseIM\AndroidManifest.xml:203:13-69
activity#com.netease.nim.yl.team.activity.AdvancedTeamJoinActivity
ADDED from NeteaseIMSDK\NeteaseIM\AndroidManifest.xml:209:9-214:70
	android:screenOrientation
		ADDED from NeteaseIMSDK\NeteaseIM\AndroidManifest.xml:212:13-49
	android:windowSoftInputMode
		ADDED from NeteaseIMSDK\NeteaseIM\AndroidManifest.xml:214:13-67
	android:configChanges
		ADDED from NeteaseIMSDK\NeteaseIM\AndroidManifest.xml:211:13-63
	android:theme
		ADDED from NeteaseIMSDK\NeteaseIM\AndroidManifest.xml:213:13-56
	android:name
		ADDED from NeteaseIMSDK\NeteaseIM\AndroidManifest.xml:210:13-67
activity#com.netease.nim.yl.main.activity.TeamListActivity
ADDED from NeteaseIMSDK\NeteaseIM\AndroidManifest.xml:216:9-221:67
	android:screenOrientation
		ADDED from NeteaseIMSDK\NeteaseIM\AndroidManifest.xml:219:13-49
	android:windowSoftInputMode
		ADDED from NeteaseIMSDK\NeteaseIM\AndroidManifest.xml:221:13-64
	android:configChanges
		ADDED from NeteaseIMSDK\NeteaseIM\AndroidManifest.xml:218:13-63
	android:theme
		ADDED from NeteaseIMSDK\NeteaseIM\AndroidManifest.xml:220:13-56
	android:name
		ADDED from NeteaseIMSDK\NeteaseIM\AndroidManifest.xml:217:13-59
activity#com.netease.nim.yl.main.activity.GlobalSearchActivity
ADDED from NeteaseIMSDK\NeteaseIM\AndroidManifest.xml:224:9-229:62
	android:screenOrientation
		ADDED from NeteaseIMSDK\NeteaseIM\AndroidManifest.xml:227:13-49
	android:windowSoftInputMode
		ADDED from NeteaseIMSDK\NeteaseIM\AndroidManifest.xml:229:13-59
	android:configChanges
		ADDED from NeteaseIMSDK\NeteaseIM\AndroidManifest.xml:226:13-63
	android:theme
		ADDED from NeteaseIMSDK\NeteaseIM\AndroidManifest.xml:228:13-48
	android:name
		ADDED from NeteaseIMSDK\NeteaseIM\AndroidManifest.xml:225:13-63
activity#com.netease.nim.yl.main.activity.GlobalSearchDetailActivity
ADDED from NeteaseIMSDK\NeteaseIM\AndroidManifest.xml:231:9-235:59
	android:screenOrientation
		ADDED from NeteaseIMSDK\NeteaseIM\AndroidManifest.xml:234:13-49
	android:configChanges
		ADDED from NeteaseIMSDK\NeteaseIM\AndroidManifest.xml:233:13-63
	android:theme
		ADDED from NeteaseIMSDK\NeteaseIM\AndroidManifest.xml:235:13-56
	android:name
		ADDED from NeteaseIMSDK\NeteaseIM\AndroidManifest.xml:232:13-69
activity#com.netease.nim.yl.main.activity.GlobalSearchDetailActivity2
ADDED from NeteaseIMSDK\NeteaseIM\AndroidManifest.xml:237:9-241:59
	android:screenOrientation
		ADDED from NeteaseIMSDK\NeteaseIM\AndroidManifest.xml:240:13-49
	android:configChanges
		ADDED from NeteaseIMSDK\NeteaseIM\AndroidManifest.xml:239:13-63
	android:theme
		ADDED from NeteaseIMSDK\NeteaseIM\AndroidManifest.xml:241:13-56
	android:name
		ADDED from NeteaseIMSDK\NeteaseIM\AndroidManifest.xml:238:13-70
activity#com.netease.nim.yl.session.activity.WatchSnapChatPictureActivity
ADDED from NeteaseIMSDK\NeteaseIM\AndroidManifest.xml:244:9-247:59
	android:configChanges
		ADDED from NeteaseIMSDK\NeteaseIM\AndroidManifest.xml:246:13-51
	android:theme
		ADDED from NeteaseIMSDK\NeteaseIM\AndroidManifest.xml:247:13-56
	android:name
		ADDED from NeteaseIMSDK\NeteaseIM\AndroidManifest.xml:245:13-74
activity#com.netease.nim.yl.session.activity.FileDownloadActivity
ADDED from NeteaseIMSDK\NeteaseIM\AndroidManifest.xml:250:9-253:59
	android:configChanges
		ADDED from NeteaseIMSDK\NeteaseIM\AndroidManifest.xml:252:13-51
	android:theme
		ADDED from NeteaseIMSDK\NeteaseIM\AndroidManifest.xml:253:13-56
	android:name
		ADDED from NeteaseIMSDK\NeteaseIM\AndroidManifest.xml:251:13-66
activity#com.netease.nim.yl.location.activity.LocationAmapActivity
ADDED from NeteaseIMSDK\NeteaseIM\AndroidManifest.xml:256:9-261:59
	android:screenOrientation
		ADDED from NeteaseIMSDK\NeteaseIM\AndroidManifest.xml:260:13-49
	android:label
		ADDED from NeteaseIMSDK\NeteaseIM\AndroidManifest.xml:259:13-49
	android:configChanges
		ADDED from NeteaseIMSDK\NeteaseIM\AndroidManifest.xml:258:13-63
	android:theme
		ADDED from NeteaseIMSDK\NeteaseIM\AndroidManifest.xml:261:13-56
	android:name
		ADDED from NeteaseIMSDK\NeteaseIM\AndroidManifest.xml:257:13-67
activity#com.netease.nim.yl.location.activity.NavigationAmapActivity
ADDED from NeteaseIMSDK\NeteaseIM\AndroidManifest.xml:263:9-268:59
	android:screenOrientation
		ADDED from NeteaseIMSDK\NeteaseIM\AndroidManifest.xml:267:13-49
	android:label
		ADDED from NeteaseIMSDK\NeteaseIM\AndroidManifest.xml:266:13-54
	android:configChanges
		ADDED from NeteaseIMSDK\NeteaseIM\AndroidManifest.xml:265:13-63
	android:theme
		ADDED from NeteaseIMSDK\NeteaseIM\AndroidManifest.xml:268:13-56
	android:name
		ADDED from NeteaseIMSDK\NeteaseIM\AndroidManifest.xml:264:13-69
activity#com.netease.nim.yl.session.search.SearchMessageActivity
ADDED from NeteaseIMSDK\NeteaseIM\AndroidManifest.xml:271:9-276:72
	android:screenOrientation
		ADDED from NeteaseIMSDK\NeteaseIM\AndroidManifest.xml:274:13-49
	android:windowSoftInputMode
		ADDED from NeteaseIMSDK\NeteaseIM\AndroidManifest.xml:276:13-69
	android:configChanges
		ADDED from NeteaseIMSDK\NeteaseIM\AndroidManifest.xml:273:13-63
	android:theme
		ADDED from NeteaseIMSDK\NeteaseIM\AndroidManifest.xml:275:13-48
	android:name
		ADDED from NeteaseIMSDK\NeteaseIM\AndroidManifest.xml:272:13-65
activity#com.netease.nim.yl.session.search.DisplayMessageActivity
ADDED from NeteaseIMSDK\NeteaseIM\AndroidManifest.xml:278:9-283:70
	android:screenOrientation
		ADDED from NeteaseIMSDK\NeteaseIM\AndroidManifest.xml:281:13-49
	android:windowSoftInputMode
		ADDED from NeteaseIMSDK\NeteaseIM\AndroidManifest.xml:283:13-67
	android:configChanges
		ADDED from NeteaseIMSDK\NeteaseIM\AndroidManifest.xml:280:13-63
	android:theme
		ADDED from NeteaseIMSDK\NeteaseIM\AndroidManifest.xml:282:13-56
	android:name
		ADDED from NeteaseIMSDK\NeteaseIM\AndroidManifest.xml:279:13-66
activity#com.netease.nim.yl.jsbridge.JsBridgeActivity
ADDED from NeteaseIMSDK\NeteaseIM\AndroidManifest.xml:286:9-291:75
	android:screenOrientation
		ADDED from NeteaseIMSDK\NeteaseIM\AndroidManifest.xml:289:13-49
	android:label
		ADDED from NeteaseIMSDK\NeteaseIM\AndroidManifest.xml:288:13-46
	android:windowSoftInputMode
		ADDED from NeteaseIMSDK\NeteaseIM\AndroidManifest.xml:291:13-72
	android:theme
		ADDED from NeteaseIMSDK\NeteaseIM\AndroidManifest.xml:290:13-56
	android:name
		ADDED from NeteaseIMSDK\NeteaseIM\AndroidManifest.xml:287:13-54
activity#com.netease.nim.yl.main.activity.RobotListActivity
ADDED from NeteaseIMSDK\NeteaseIM\AndroidManifest.xml:294:9-297:59
	android:screenOrientation
		ADDED from NeteaseIMSDK\NeteaseIM\AndroidManifest.xml:296:13-49
	android:theme
		ADDED from NeteaseIMSDK\NeteaseIM\AndroidManifest.xml:297:13-56
	android:name
		ADDED from NeteaseIMSDK\NeteaseIM\AndroidManifest.xml:295:13-60
activity#com.netease.nim.yl.contact.activity.RobotProfileActivity
ADDED from NeteaseIMSDK\NeteaseIM\AndroidManifest.xml:299:9-302:59
	android:screenOrientation
		ADDED from NeteaseIMSDK\NeteaseIM\AndroidManifest.xml:301:13-49
	android:theme
		ADDED from NeteaseIMSDK\NeteaseIM\AndroidManifest.xml:302:13-56
	android:name
		ADDED from NeteaseIMSDK\NeteaseIM\AndroidManifest.xml:300:13-66
activity#com.netease.nim.yl.interactlive.entertainment.activity.LiveActivity
ADDED from NeteaseIMSDK\NeteaseIM\AndroidManifest.xml:306:9-311:71
	android:screenOrientation
		ADDED from NeteaseIMSDK\NeteaseIM\AndroidManifest.xml:309:13-49
	android:windowSoftInputMode
		ADDED from NeteaseIMSDK\NeteaseIM\AndroidManifest.xml:311:13-68
	android:configChanges
		ADDED from NeteaseIMSDK\NeteaseIM\AndroidManifest.xml:308:13-74
	android:theme
		ADDED from NeteaseIMSDK\NeteaseIM\AndroidManifest.xml:310:13-56
	android:name
		ADDED from NeteaseIMSDK\NeteaseIM\AndroidManifest.xml:307:13-77
activity#com.netease.nim.yl.interactlive.entertainment.activity.AudienceActivity
ADDED from NeteaseIMSDK\NeteaseIM\AndroidManifest.xml:313:9-318:71
	android:screenOrientation
		ADDED from NeteaseIMSDK\NeteaseIM\AndroidManifest.xml:316:13-49
	android:launchMode
		ADDED from NeteaseIMSDK\NeteaseIM\AndroidManifest.xml:315:13-44
	android:windowSoftInputMode
		ADDED from NeteaseIMSDK\NeteaseIM\AndroidManifest.xml:318:13-68
	android:theme
		ADDED from NeteaseIMSDK\NeteaseIM\AndroidManifest.xml:317:13-56
	android:name
		ADDED from NeteaseIMSDK\NeteaseIM\AndroidManifest.xml:314:13-81
activity#com.netease.nim.yl.interactlive.entertainment.activity.InputActivity
ADDED from NeteaseIMSDK\NeteaseIM\AndroidManifest.xml:320:9-323:75
	android:windowSoftInputMode
		ADDED from NeteaseIMSDK\NeteaseIM\AndroidManifest.xml:323:13-72
	android:theme
		ADDED from NeteaseIMSDK\NeteaseIM\AndroidManifest.xml:322:13-54
	android:name
		ADDED from NeteaseIMSDK\NeteaseIM\AndroidManifest.xml:321:13-78
service#com.netease.nimlib.service.NimService
ADDED from NeteaseIMSDK\NeteaseIM\AndroidManifest.xml:326:9-328:39
	android:process
		ADDED from NeteaseIMSDK\NeteaseIM\AndroidManifest.xml:328:13-36
	android:name
		ADDED from NeteaseIMSDK\NeteaseIM\AndroidManifest.xml:327:13-65
service#com.netease.nimlib.service.NimService$Aux
ADDED from NeteaseIMSDK\NeteaseIM\AndroidManifest.xml:331:9-333:39
	android:process
		ADDED from NeteaseIMSDK\NeteaseIM\AndroidManifest.xml:333:13-36
	android:name
		ADDED from NeteaseIMSDK\NeteaseIM\AndroidManifest.xml:332:13-69
service#com.netease.nimlib.job.NIMJobService
ADDED from NeteaseIMSDK\NeteaseIM\AndroidManifest.xml:336:9-340:39
	android:process
		ADDED from NeteaseIMSDK\NeteaseIM\AndroidManifest.xml:340:13-36
	android:exported
		ADDED from NeteaseIMSDK\NeteaseIM\AndroidManifest.xml:338:13-36
	android:permission
		ADDED from NeteaseIMSDK\NeteaseIM\AndroidManifest.xml:339:13-69
	android:name
		ADDED from NeteaseIMSDK\NeteaseIM\AndroidManifest.xml:337:13-64
service#com.netease.nimlib.service.ResponseService
ADDED from NeteaseIMSDK\NeteaseIM\AndroidManifest.xml:343:9-78
	android:name
		ADDED from NeteaseIMSDK\NeteaseIM\AndroidManifest.xml:343:18-75
service#com.amap.api.location.APSService
ADDED from NeteaseIMSDK\NeteaseIM\AndroidManifest.xml:346:9-68
	android:name
		ADDED from NeteaseIMSDK\NeteaseIM\AndroidManifest.xml:346:18-65
receiver#com.netease.nimlib.service.NimReceiver
ADDED from NeteaseIMSDK\NeteaseIM\AndroidManifest.xml:351:9-359:20
	android:process
		ADDED from NeteaseIMSDK\NeteaseIM\AndroidManifest.xml:354:13-36
	android:exported
		ADDED from NeteaseIMSDK\NeteaseIM\AndroidManifest.xml:353:13-37
	android:name
		ADDED from NeteaseIMSDK\NeteaseIM\AndroidManifest.xml:352:13-66
intent-filter#android.intent.action.BOOT_COMPLETED+android.net.conn.CONNECTIVITY_CHANGE
ADDED from NeteaseIMSDK\NeteaseIM\AndroidManifest.xml:355:13-358:29
action#android.intent.action.BOOT_COMPLETED
ADDED from NeteaseIMSDK\NeteaseIM\AndroidManifest.xml:356:17-79
	android:name
		ADDED from NeteaseIMSDK\NeteaseIM\AndroidManifest.xml:356:25-76
action#android.net.conn.CONNECTIVITY_CHANGE
ADDED from NeteaseIMSDK\NeteaseIM\AndroidManifest.xml:357:17-79
	android:name
		ADDED from NeteaseIMSDK\NeteaseIM\AndroidManifest.xml:357:25-76
receiver#com.netease.nimlib.service.ResponseReceiver
ADDED from NeteaseIMSDK\NeteaseIM\AndroidManifest.xml:362:9-80
	android:name
		ADDED from NeteaseIMSDK\NeteaseIM\AndroidManifest.xml:362:19-77
receiver#com.netease.nim.yl.receiver.CustomNotificationReceiver
ADDED from NeteaseIMSDK\NeteaseIM\AndroidManifest.xml:366:9-373:20
	android:enabled
		ADDED from NeteaseIMSDK\NeteaseIM\AndroidManifest.xml:368:13-35
	android:exported
		ADDED from NeteaseIMSDK\NeteaseIM\AndroidManifest.xml:369:13-37
	android:name
		ADDED from NeteaseIMSDK\NeteaseIM\AndroidManifest.xml:367:13-64
intent-filter#com.yl.lovestudy.ACTION.RECEIVE_CUSTOM_NOTIFICATION
ADDED from NeteaseIMSDK\NeteaseIM\AndroidManifest.xml:370:13-372:29
action#com.yl.lovestudy.ACTION.RECEIVE_CUSTOM_NOTIFICATION